TN:
SF:src/modules/appointments/services/create-appointment.service.ts
FN:13,(anonymous_18)
FN:14,CreateAppointmentService
FN:19,(anonymous_20)
FNF:3
FNH:3
FNDA:1,(anonymous_18)
FNDA:2,CreateAppointmentService
FNDA:3,(anonymous_20)
DA:1,1
DA:2,1
DA:3,1
DA:13,1
DA:16,2
DA:19,3
DA:20,3
DA:22,3
DA:23,1
DA:25,2
DA:30,1
LF:11
LH:11
BRDA:25,0,0,2
BRDA:22,1,0,1
BRDA:22,1,1,2
BRF:3
BRH:3
end_of_record
TN:
SF:src/modules/auth/services/create-auth.service.ts
FN:24,(anonymous_18)
FN:25,CreateAuthAuthenticate
FN:33,(anonymous_20)
FNF:3
FNH:3
FNDA:1,(anonymous_18)
FNDA:2,CreateAuthAuthenticate
FNDA:1,(anonymous_20)
DA:1,1
DA:3,1
DA:4,1
DA:6,1
DA:7,1
DA:24,1
DA:27,2
DA:30,2
DA:33,1
DA:34,1
DA:36,0
DA:38,0
DA:43,0
DA:44,0
DA:46,0
DA:48,0
DA:53,0
DA:55,1
LF:18
LH:11
BRDA:34,0,0,1
BRDA:36,1,0,0
BRDA:36,1,1,0
BRDA:43,2,0,0
BRDA:43,2,1,0
BRF:5
BRH:1
end_of_record
TN:
SF:src/modules/users/services/create-user.service.ts
FN:15,(anonymous_18)
FN:16,CreateUserService
FN:24,(anonymous_20)
FNF:3
FNH:3
FNDA:1,(anonymous_18)
FNDA:1,CreateUserService
FNDA:1,(anonymous_20)
DA:1,1
DA:3,1
DA:15,1
DA:18,1
DA:21,1
DA:24,1
DA:25,1
DA:27,0
DA:29,0
DA:31,0
DA:37,1
LF:11
LH:8
BRDA:25,0,0,1
BRDA:25,0,1,0
BRDA:29,1,0,0
BRDA:29,1,1,0
BRF:4
BRH:1
end_of_record
TN:
SF:src/modules/users/services/update-avatar.service.ts
FN:17,(anonymous_18)
FN:18,UpdateUserAvatarService
FN:26,(anonymous_20)
FNF:3
FNH:2
FNDA:1,(anonymous_18)
FNDA:1,UpdateUserAvatarService
FNDA:0,(anonymous_20)
DA:3,1
DA:5,1
DA:17,1
DA:20,1
DA:23,1
DA:26,1
DA:27,0
DA:29,0
DA:30,0
DA:32,0
DA:34,0
DA:36,0
DA:38,0
DA:40,0
DA:42,1
DA:44,1
LF:16
LH:8
BRDA:27,0,0,0
BRDA:29,1,0,0
BRDA:29,1,1,0
BRDA:32,2,0,0
BRDA:32,2,1,0
BRF:5
BRH:0
end_of_record
